<?xml version="1.0" encoding="UTF-8"?>
<testsuites>
  <testsuite name="/var/www/html/phpunit.dusk.xml" tests="37" assertions="40" errors="13" failures="1" skipped="8" time="107.056734">
    <testsuite name="Browser Test Suite" tests="37" assertions="40" errors="13" failures="1" skipped="8" time="107.056734">
      <testsuite name="Tests\Browser\ApiTest" file="/var/www/html/tests/Browser/ApiTest.php" tests="4" assertions="9" errors="0" failures="0" skipped="0" time="1.206078">
        <testcase name="test_calendar_api_returns_json" file="/var/www/html/tests/Browser/ApiTest.php" line="13" class="Tests\Browser\ApiTest" classname="Tests.Browser.ApiTest" assertions="2" time="0.785808"/>
        <testcase name="test_calendar_data_fetch_via_js" file="/var/www/html/tests/Browser/ApiTest.php" line="25" class="Tests\Browser\ApiTest" classname="Tests.Browser.ApiTest" assertions="3" time="0.184864"/>
        <testcase name="test_dynamic_css_endpoint" file="/var/www/html/tests/Browser/ApiTest.php" line="38" class="Tests\Browser\ApiTest" classname="Tests.Browser.ApiTest" assertions="2" time="0.125596"/>
        <testcase name="test_dynamic_js_endpoint" file="/var/www/html/tests/Browser/ApiTest.php" line="50" class="Tests\Browser\ApiTest" classname="Tests.Browser.ApiTest" assertions="2" time="0.109810"/>
      </testsuite>
      <testsuite name="Tests\Browser\CalendarJavaScriptTest" file="/var/www/html/tests/Browser/CalendarJavaScriptTest.php" tests="8" assertions="3" errors="6" failures="0" skipped="0" time="64.292400">
        <testcase name="test_calendar_handles_malformed_ical_data" file="/var/www/html/tests/Browser/CalendarJavaScriptTest.php" line="13" class="Tests\Browser\CalendarJavaScriptTest" classname="Tests.Browser.CalendarJavaScriptTest" assertions="0" time="10.974776">
          <error type="Facebook\WebDriver\Exception\TimeoutException">Tests\Browser\CalendarJavaScriptTest::test_calendar_handles_malformed_ical_data
Facebook\WebDriver\Exception\TimeoutException: Waited 10 seconds for selector [#calendar].

/var/www/html/vendor/php-webdriver/webdriver/lib/WebDriverWait.php:71
/var/www/html/vendor/laravel/dusk/src/Concerns/WaitsForElements.php:398
/var/www/html/vendor/laravel/dusk/src/Concerns/WaitsForElements.php:44
/var/www/html/tests/Browser/CalendarJavaScriptTest.php:17
/var/www/html/vendor/laravel/dusk/src/Concerns/ProvidesBrowser.php:70
/var/www/html/tests/Browser/CalendarJavaScriptTest.php:15</error>
        </testcase>
        <testcase name="test_application_loads_without_errors" file="/var/www/html/tests/Browser/CalendarJavaScriptTest.php" line="28" class="Tests\Browser\CalendarJavaScriptTest" classname="Tests.Browser.CalendarJavaScriptTest" assertions="0" time="10.328818">
          <error type="Facebook\WebDriver\Exception\TimeoutException">Tests\Browser\CalendarJavaScriptTest::test_application_loads_without_errors
Facebook\WebDriver\Exception\TimeoutException: Waited 10 seconds for selector [#calendar].

/var/www/html/vendor/php-webdriver/webdriver/lib/WebDriverWait.php:71
/var/www/html/vendor/laravel/dusk/src/Concerns/WaitsForElements.php:398
/var/www/html/vendor/laravel/dusk/src/Concerns/WaitsForElements.php:44
/var/www/html/tests/Browser/CalendarJavaScriptTest.php:32
/var/www/html/vendor/laravel/dusk/src/Concerns/ProvidesBrowser.php:70
/var/www/html/tests/Browser/CalendarJavaScriptTest.php:30</error>
        </testcase>
        <testcase name="test_calendar_events_render_gracefully" file="/var/www/html/tests/Browser/CalendarJavaScriptTest.php" line="46" class="Tests\Browser\CalendarJavaScriptTest" classname="Tests.Browser.CalendarJavaScriptTest" assertions="0" time="10.315938">
          <error type="Facebook\WebDriver\Exception\TimeoutException">Tests\Browser\CalendarJavaScriptTest::test_calendar_events_render_gracefully
Facebook\WebDriver\Exception\TimeoutException: Waited 10 seconds for selector [#calendar].

/var/www/html/vendor/php-webdriver/webdriver/lib/WebDriverWait.php:71
/var/www/html/vendor/laravel/dusk/src/Concerns/WaitsForElements.php:398
/var/www/html/vendor/laravel/dusk/src/Concerns/WaitsForElements.php:44
/var/www/html/tests/Browser/CalendarJavaScriptTest.php:50
/var/www/html/vendor/laravel/dusk/src/Concerns/ProvidesBrowser.php:70
/var/www/html/tests/Browser/CalendarJavaScriptTest.php:48</error>
        </testcase>
        <testcase name="test_ical_parsing_error_resilience" file="/var/www/html/tests/Browser/CalendarJavaScriptTest.php" line="76" class="Tests\Browser\CalendarJavaScriptTest" classname="Tests.Browser.CalendarJavaScriptTest" assertions="0" time="10.348933">
          <error type="Facebook\WebDriver\Exception\TimeoutException">Tests\Browser\CalendarJavaScriptTest::test_ical_parsing_error_resilience
Facebook\WebDriver\Exception\TimeoutException: Waited 10 seconds for selector [#calendar].

/var/www/html/vendor/php-webdriver/webdriver/lib/WebDriverWait.php:71
/var/www/html/vendor/laravel/dusk/src/Concerns/WaitsForElements.php:398
/var/www/html/vendor/laravel/dusk/src/Concerns/WaitsForElements.php:44
/var/www/html/tests/Browser/CalendarJavaScriptTest.php:80
/var/www/html/vendor/laravel/dusk/src/Concerns/ProvidesBrowser.php:70
/var/www/html/tests/Browser/CalendarJavaScriptTest.php:78</error>
        </testcase>
        <testcase name="test_ical_error_notifications" file="/var/www/html/tests/Browser/CalendarJavaScriptTest.php" line="111" class="Tests\Browser\CalendarJavaScriptTest" classname="Tests.Browser.CalendarJavaScriptTest" assertions="0" time="10.300086">
          <error type="Facebook\WebDriver\Exception\TimeoutException">Tests\Browser\CalendarJavaScriptTest::test_ical_error_notifications
Facebook\WebDriver\Exception\TimeoutException: Waited 10 seconds for selector [#calendar].

/var/www/html/vendor/php-webdriver/webdriver/lib/WebDriverWait.php:71
/var/www/html/vendor/laravel/dusk/src/Concerns/WaitsForElements.php:398
/var/www/html/vendor/laravel/dusk/src/Concerns/WaitsForElements.php:44
/var/www/html/tests/Browser/CalendarJavaScriptTest.php:115
/var/www/html/vendor/laravel/dusk/src/Concerns/ProvidesBrowser.php:70
/var/www/html/tests/Browser/CalendarJavaScriptTest.php:113</error>
        </testcase>
        <testcase name="test_date_utilities_handle_edge_cases" file="/var/www/html/tests/Browser/CalendarJavaScriptTest.php" line="141" class="Tests\Browser\CalendarJavaScriptTest" classname="Tests.Browser.CalendarJavaScriptTest" assertions="0" time="10.315571">
          <error type="Facebook\WebDriver\Exception\TimeoutException">Tests\Browser\CalendarJavaScriptTest::test_date_utilities_handle_edge_cases
Facebook\WebDriver\Exception\TimeoutException: Waited 10 seconds for selector [#calendar].

/var/www/html/vendor/php-webdriver/webdriver/lib/WebDriverWait.php:71
/var/www/html/vendor/laravel/dusk/src/Concerns/WaitsForElements.php:398
/var/www/html/vendor/laravel/dusk/src/Concerns/WaitsForElements.php:44
/var/www/html/tests/Browser/CalendarJavaScriptTest.php:145
/var/www/html/vendor/laravel/dusk/src/Concerns/ProvidesBrowser.php:70
/var/www/html/tests/Browser/CalendarJavaScriptTest.php:143</error>
        </testcase>
        <testcase name="test_authentication_status_endpoint" file="/var/www/html/tests/Browser/CalendarJavaScriptTest.php" line="170" class="Tests\Browser\CalendarJavaScriptTest" classname="Tests.Browser.CalendarJavaScriptTest" assertions="2" time="0.112276"/>
        <testcase name="test_error_notifications_display" file="/var/www/html/tests/Browser/CalendarJavaScriptTest.php" line="183" class="Tests\Browser\CalendarJavaScriptTest" classname="Tests.Browser.CalendarJavaScriptTest" assertions="1" time="1.596003"/>
      </testsuite>
      <testsuite name="Tests\Browser\CalendarSelectorTest" file="/var/www/html/tests/Browser/CalendarSelectorTest.php" tests="7" assertions="4" errors="6" failures="0" skipped="0" time="33.832049">
        <testcase name="test_calendar_selector_button_exists" file="/var/www/html/tests/Browser/CalendarSelectorTest.php" line="13" class="Tests\Browser\CalendarSelectorTest" classname="Tests.Browser.CalendarSelectorTest" assertions="1" time="0.562447"/>
        <testcase name="test_modal_opens_on_button_click" file="/var/www/html/tests/Browser/CalendarSelectorTest.php" line="24" class="Tests\Browser\CalendarSelectorTest" classname="Tests.Browser.CalendarSelectorTest" assertions="3" time="5.604824">
          <error type="Facebook\WebDriver\Exception\TimeoutException">Tests\Browser\CalendarSelectorTest::test_modal_opens_on_button_click
Facebook\WebDriver\Exception\TimeoutException: Waited 5 seconds for selector [#calendar-selector-modal.show].

/var/www/html/vendor/php-webdriver/webdriver/lib/WebDriverWait.php:71
/var/www/html/vendor/laravel/dusk/src/Concerns/WaitsForElements.php:398
/var/www/html/vendor/laravel/dusk/src/Concerns/WaitsForElements.php:44
/var/www/html/tests/Browser/CalendarSelectorTest.php:32
/var/www/html/vendor/laravel/dusk/src/Concerns/ProvidesBrowser.php:70
/var/www/html/tests/Browser/CalendarSelectorTest.php:26</error>
        </testcase>
        <testcase name="test_modal_displays_calendar_sets" file="/var/www/html/tests/Browser/CalendarSelectorTest.php" line="41" class="Tests\Browser\CalendarSelectorTest" classname="Tests.Browser.CalendarSelectorTest" assertions="0" time="5.516114">
          <error type="Facebook\WebDriver\Exception\TimeoutException">Tests\Browser\CalendarSelectorTest::test_modal_displays_calendar_sets
Facebook\WebDriver\Exception\TimeoutException: Waited 5 seconds for selector [#calendar-selector-modal.show].

/var/www/html/vendor/php-webdriver/webdriver/lib/WebDriverWait.php:71
/var/www/html/vendor/laravel/dusk/src/Concerns/WaitsForElements.php:398
/var/www/html/vendor/laravel/dusk/src/Concerns/WaitsForElements.php:44
/var/www/html/tests/Browser/CalendarSelectorTest.php:47
/var/www/html/vendor/laravel/dusk/src/Concerns/ProvidesBrowser.php:70
/var/www/html/tests/Browser/CalendarSelectorTest.php:43</error>
        </testcase>
        <testcase name="test_modal_closes_on_close_button" file="/var/www/html/tests/Browser/CalendarSelectorTest.php" line="57" class="Tests\Browser\CalendarSelectorTest" classname="Tests.Browser.CalendarSelectorTest" assertions="0" time="5.533017">
          <error type="Facebook\WebDriver\Exception\TimeoutException">Tests\Browser\CalendarSelectorTest::test_modal_closes_on_close_button
Facebook\WebDriver\Exception\TimeoutException: Waited 5 seconds for selector [#calendar-selector-modal.show].

/var/www/html/vendor/php-webdriver/webdriver/lib/WebDriverWait.php:71
/var/www/html/vendor/laravel/dusk/src/Concerns/WaitsForElements.php:398
/var/www/html/vendor/laravel/dusk/src/Concerns/WaitsForElements.php:44
/var/www/html/tests/Browser/CalendarSelectorTest.php:63
/var/www/html/vendor/laravel/dusk/src/Concerns/ProvidesBrowser.php:70
/var/www/html/tests/Browser/CalendarSelectorTest.php:59</error>
        </testcase>
        <testcase name="test_modal_closes_on_escape_key" file="/var/www/html/tests/Browser/CalendarSelectorTest.php" line="74" class="Tests\Browser\CalendarSelectorTest" classname="Tests.Browser.CalendarSelectorTest" assertions="0" time="5.549525">
          <error type="Facebook\WebDriver\Exception\TimeoutException">Tests\Browser\CalendarSelectorTest::test_modal_closes_on_escape_key
Facebook\WebDriver\Exception\TimeoutException: Waited 5 seconds for selector [#calendar-selector-modal.show].

/var/www/html/vendor/php-webdriver/webdriver/lib/WebDriverWait.php:71
/var/www/html/vendor/laravel/dusk/src/Concerns/WaitsForElements.php:398
/var/www/html/vendor/laravel/dusk/src/Concerns/WaitsForElements.php:44
/var/www/html/tests/Browser/CalendarSelectorTest.php:80
/var/www/html/vendor/laravel/dusk/src/Concerns/ProvidesBrowser.php:70
/var/www/html/tests/Browser/CalendarSelectorTest.php:76</error>
        </testcase>
        <testcase name="test_active_calendar_set_highlighted" file="/var/www/html/tests/Browser/CalendarSelectorTest.php" line="92" class="Tests\Browser\CalendarSelectorTest" classname="Tests.Browser.CalendarSelectorTest" assertions="0" time="5.532800">
          <error type="Facebook\WebDriver\Exception\TimeoutException">Tests\Browser\CalendarSelectorTest::test_active_calendar_set_highlighted
Facebook\WebDriver\Exception\TimeoutException: Waited 5 seconds for selector [#calendar-selector-modal.show].

/var/www/html/vendor/php-webdriver/webdriver/lib/WebDriverWait.php:71
/var/www/html/vendor/laravel/dusk/src/Concerns/WaitsForElements.php:398
/var/www/html/vendor/laravel/dusk/src/Concerns/WaitsForElements.php:44
/var/www/html/tests/Browser/CalendarSelectorTest.php:98
/var/www/html/vendor/laravel/dusk/src/Concerns/ProvidesBrowser.php:70
/var/www/html/tests/Browser/CalendarSelectorTest.php:94</error>
        </testcase>
        <testcase name="test_switching_calendar_sets" file="/var/www/html/tests/Browser/CalendarSelectorTest.php" line="107" class="Tests\Browser\CalendarSelectorTest" classname="Tests.Browser.CalendarSelectorTest" assertions="0" time="5.533321">
          <error type="Facebook\WebDriver\Exception\TimeoutException">Tests\Browser\CalendarSelectorTest::test_switching_calendar_sets
Facebook\WebDriver\Exception\TimeoutException: Waited 5 seconds for selector [#calendar-selector-modal.show].

/var/www/html/vendor/php-webdriver/webdriver/lib/WebDriverWait.php:71
/var/www/html/vendor/laravel/dusk/src/Concerns/WaitsForElements.php:398
/var/www/html/vendor/laravel/dusk/src/Concerns/WaitsForElements.php:44
/var/www/html/tests/Browser/CalendarSelectorTest.php:113
/var/www/html/vendor/laravel/dusk/src/Concerns/ProvidesBrowser.php:70
/var/www/html/tests/Browser/CalendarSelectorTest.php:109</error>
        </testcase>
      </testsuite>
      <testsuite name="Tests\Browser\CalendarTest" file="/var/www/html/tests/Browser/CalendarTest.php" tests="14" assertions="21" errors="1" failures="1" skipped="6" time="6.729281">
        <testcase name="test_homepage_loads_successfully" file="/var/www/html/tests/Browser/CalendarTest.php" line="13" class="Tests\Browser\CalendarTest" classname="Tests.Browser.CalendarTest" assertions="3" time="0.516576"/>
        <testcase name="test_calendar_controls_visible" file="/var/www/html/tests/Browser/CalendarTest.php" line="26" class="Tests\Browser\CalendarTest" classname="Tests.Browser.CalendarTest" assertions="0" time="0.008955">
          <skipped/>
        </testcase>
        <testcase name="test_calendar_navigation_buttons" file="/var/www/html/tests/Browser/CalendarTest.php" line="34" class="Tests\Browser\CalendarTest" classname="Tests.Browser.CalendarTest" assertions="0" time="0.008323">
          <skipped/>
        </testcase>
        <testcase name="test_calendar_switcher" file="/var/www/html/tests/Browser/CalendarTest.php" line="42" class="Tests\Browser\CalendarTest" classname="Tests.Browser.CalendarTest" assertions="2" time="0.132897"/>
        <testcase name="test_events_are_displayed" file="/var/www/html/tests/Browser/CalendarTest.php" line="54" class="Tests\Browser\CalendarTest" classname="Tests.Browser.CalendarTest" assertions="0" time="0.008563">
          <skipped/>
        </testcase>
        <testcase name="test_event_click_shows_details" file="/var/www/html/tests/Browser/CalendarTest.php" line="62" class="Tests\Browser\CalendarTest" classname="Tests.Browser.CalendarTest" assertions="0" time="0.009497">
          <skipped/>
        </testcase>
        <testcase name="test_countdown_timer_visible" file="/var/www/html/tests/Browser/CalendarTest.php" line="70" class="Tests\Browser\CalendarTest" classname="Tests.Browser.CalendarTest" assertions="0" time="0.008509">
          <skipped/>
        </testcase>
        <testcase name="test_next_event_display" file="/var/www/html/tests/Browser/CalendarTest.php" line="78" class="Tests\Browser\CalendarTest" classname="Tests.Browser.CalendarTest" assertions="3" time="0.123421"/>
        <testcase name="test_mobile_responsive_design" file="/var/www/html/tests/Browser/CalendarTest.php" line="90" class="Tests\Browser\CalendarTest" classname="Tests.Browser.CalendarTest" assertions="0" time="0.008498">
          <skipped/>
        </testcase>
        <testcase name="test_calendars_css_loaded" file="/var/www/html/tests/Browser/CalendarTest.php" line="98" class="Tests\Browser\CalendarTest" classname="Tests.Browser.CalendarTest" assertions="2" time="0.106358"/>
        <testcase name="test_javascript_loaded" file="/var/www/html/tests/Browser/CalendarTest.php" line="110" class="Tests\Browser\CalendarTest" classname="Tests.Browser.CalendarTest" assertions="0" time="5.359310">
          <error type="Facebook\WebDriver\Exception\TimeoutException">Tests\Browser\CalendarTest::test_javascript_loaded
Facebook\WebDriver\Exception\TimeoutException: Waited 5 seconds for selector [#datetime].

/var/www/html/vendor/php-webdriver/webdriver/lib/WebDriverWait.php:71
/var/www/html/vendor/laravel/dusk/src/Concerns/WaitsForElements.php:398
/var/www/html/vendor/laravel/dusk/src/Concerns/WaitsForElements.php:44
/var/www/html/tests/Browser/CalendarTest.php:114
/var/www/html/vendor/laravel/dusk/src/Concerns/ProvidesBrowser.php:70
/var/www/html/tests/Browser/CalendarTest.php:112</error>
        </testcase>
        <testcase name="test_keyboard_navigation" file="/var/www/html/tests/Browser/CalendarTest.php" line="122" class="Tests\Browser\CalendarTest" classname="Tests.Browser.CalendarTest" assertions="2" time="0.097514"/>
        <testcase name="test_accessibility_features" file="/var/www/html/tests/Browser/CalendarTest.php" line="134" class="Tests\Browser\CalendarTest" classname="Tests.Browser.CalendarTest" assertions="8" time="0.146672"/>
        <testcase name="test_vite_assets_loaded" file="/var/www/html/tests/Browser/CalendarTest.php" line="148" class="Tests\Browser\CalendarTest" classname="Tests.Browser.CalendarTest" assertions="1" time="0.194188">
          <failure type="PHPUnit\Framework\ExpectationFailedException">Tests\Browser\CalendarTest::test_vite_assets_loaded
Did not find expected source code [/build/assets/app-].
Failed asserting that false is true.

/var/www/html/vendor/laravel/dusk/src/Concerns/MakesAssertions.php:302
/var/www/html/tests/Browser/CalendarTest.php:152
/var/www/html/vendor/laravel/dusk/src/Concerns/ProvidesBrowser.php:70
/var/www/html/tests/Browser/CalendarTest.php:150</failure>
        </testcase>
      </testsuite>
      <testsuite name="Tests\Browser\ChristmasTest" file="/var/www/html/tests/Browser/ChristmasTest.php" tests="3" assertions="1" errors="0" failures="0" skipped="2" time="0.503919">
        <testcase name="test_christmas_decorations_in_december" file="/var/www/html/tests/Browser/ChristmasTest.php" line="13" class="Tests\Browser\ChristmasTest" classname="Tests.Browser.ChristmasTest" assertions="0" time="0.021706">
          <skipped/>
        </testcase>
        <testcase name="test_christmas_css_loads_in_december" file="/var/www/html/tests/Browser/ChristmasTest.php" line="21" class="Tests\Browser\ChristmasTest" classname="Tests.Browser.ChristmasTest" assertions="0" time="0.018767">
          <skipped/>
        </testcase>
        <testcase name="test_no_christmas_decorations_in_summer" file="/var/www/html/tests/Browser/ChristmasTest.php" line="29" class="Tests\Browser\ChristmasTest" classname="Tests.Browser.ChristmasTest" assertions="1" time="0.463446"/>
      </testsuite>
      <testsuite name="Tests\Browser\ExampleTest" file="/var/www/html/tests/Browser/ExampleTest.php" tests="1" assertions="2" errors="0" failures="0" skipped="0" time="0.493006">
        <testcase name="test_basic_example" file="/var/www/html/tests/Browser/ExampleTest.php" line="13" class="Tests\Browser\ExampleTest" classname="Tests.Browser.ExampleTest" assertions="2" time="0.493006"/>
      </testsuite>
    </testsuite>
  </testsuite>
</testsuites>
